<?xml version="1.0" encoding="UTF-8"?>
<!-- Generated by org.testng.reporters.JUnitXMLReporter -->
<testsuite ignored="0" hostname="birendras-MacBook-Air.local" failures="1" tests="2" name="correctTitle" time="19.224" errors="0" timestamp="2020-07-06T01:25:05 EDT">
  <testcase classname="dockerTest.ProvideIncorrectTitle" name="sampleTest" time="17.785">
    <failure type="java.lang.AssertionError" message="Title is not correct expected [Git] but found [The world’s leading software development platform · GitHub]">
      <![CDATA[java.lang.AssertionError: Title is not correct expected [Git] but found [The world’s leading software development platform · GitHub]
at dockerTest.ProvideIncorrectTitle.sampleTest(ProvideIncorrectTitle.java:47)
at java.base/java.util.ArrayList.forEach(ArrayList.java:1510)
at java.base/java.util.concurrent.FutureTask.run(FutureTask.java:264)
at java.base/java.util.concurrent.ThreadPoolExecutor.runWorker(ThreadPoolExecutor.java:1130)
at java.base/java.util.concurrent.ThreadPoolExecutor$Worker.run(ThreadPoolExecutor.java:630)
at java.base/java.lang.Thread.run(Thread.java:832)
... Removed 22 stack frames]]>
    </failure>
  </testcase> <!-- sampleTest -->
  <testcase classname="dockerTest.ProvideCorrectTitle" name="sampleTest" time="18.086"/>
</testsuite> <!-- correctTitle -->
