<?xml version="1.0" encoding="UTF-8"?>
<testng-results ignored="0" total="1" passed="1" failed="0" skipped="0">
  <reporter-output>
  </reporter-output>
  <suite started-at="2020-07-08T00:55:08 EDT" name="Default suite" finished-at="2020-07-08T00:55:12 EDT" duration-ms="4229">
    <groups>
    </groups>
    <test started-at="2020-07-08T00:55:08 EDT" name="Default test" finished-at="2020-07-08T00:55:12 EDT" duration-ms="4229">
      <class name="dockerTest.ProvideCorrectTitle">
        <test-method is-config="true" signature="setUp()[pri:0, instance:dockerTest.ProvideCorrectTitle@12d3a4e9]" started-at="2020-07-08T00:55:08 EDT" name="setUp" finished-at="2020-07-08T00:55:10 EDT" duration-ms="1967" status="PASS">
          <reporter-output>
          </reporter-output>
        </test-method> <!-- setUp -->
        <test-method signature="sampleTest()[pri:0, instance:dockerTest.ProvideCorrectTitle@12d3a4e9]" started-at="2020-07-08T00:55:10 EDT" name="sampleTest" finished-at="2020-07-08T00:55:12 EDT" duration-ms="2174" status="PASS">
          <reporter-output>
          </reporter-output>
        </test-method> <!-- sampleTest -->
        <test-method is-config="true" signature="afterTest()[pri:0, instance:dockerTest.ProvideCorrectTitle@12d3a4e9]" started-at="2020-07-08T00:55:12 EDT" name="afterTest" finished-at="2020-07-08T00:55:12 EDT" duration-ms="64" status="PASS">
          <reporter-output>
          </reporter-output>
        </test-method> <!-- afterTest -->
      </class> <!-- dockerTest.ProvideCorrectTitle -->
    </test> <!-- Default test -->
  </suite> <!-- Default suite -->
</testng-results>
